Using pre-set license
Built from '2022.3/staging' branch; Version is '2022.3.17f1 (4fc78088f837) revision 5228416'; Using compiler version '192829333'; Build Type 'Release'
OS: 'Windows 10  (10.0.19045) 64bit Core' Language: 'es' Physical Memory: 32702 MB
BatchMode: 1, IsHumanControllingUs: 0, StartBugReporterOnCrash: 0, Is64bit: 1, IsPro: 1

COMMAND LINE ARGUMENTS:
C:\Program Files\Unity\Hub\Editor\2022.3.17f1\Editor\Unity.exe
-adb2
-batchMode
-noUpm
-name
AssetImportWorker1
-projectPath
C:/Users/castr/Desktop/TFG/ENTORNO
-logFile
Logs/AssetImportWorker1.log
-srvPort
57824
Successfully changed project path to: C:/Users/castr/Desktop/TFG/ENTORNO
C:/Users/castr/Desktop/TFG/ENTORNO
[UnityMemory] Configuration Parameters - Can be set up in boot.config
    "memorysetup-bucket-allocator-granularity=16"
    "memorysetup-bucket-allocator-bucket-count=8"
    "memorysetup-bucket-allocator-block-size=33554432"
    "memorysetup-bucket-allocator-block-count=8"
    "memorysetup-main-allocator-block-size=16777216"
    "memorysetup-thread-allocator-block-size=16777216"
    "memorysetup-gfx-main-allocator-block-size=16777216"
    "memorysetup-gfx-thread-allocator-block-size=16777216"
    "memorysetup-cache-allocator-block-size=4194304"
    "memorysetup-typetree-allocator-block-size=2097152"
    "memorysetup-profiler-bucket-allocator-granularity=16"
    "memorysetup-profiler-bucket-allocator-bucket-count=8"
    "memorysetup-profiler-bucket-allocator-block-size=33554432"
    "memorysetup-profiler-bucket-allocator-block-count=8"
    "memorysetup-profiler-allocator-block-size=16777216"
    "memorysetup-profiler-editor-allocator-block-size=1048576"
    "memorysetup-temp-allocator-size-main=16777216"
    "memorysetup-job-temp-allocator-block-size=2097152"
    "memorysetup-job-temp-allocator-block-size-background=1048576"
    "memorysetup-job-temp-allocator-reduction-small-platforms=262144"
    "memorysetup-allocator-temp-initial-block-size-main=262144"
    "memorysetup-allocator-temp-initial-block-size-worker=262144"
    "memorysetup-temp-allocator-size-background-worker=32768"
    "memorysetup-temp-allocator-size-job-worker=262144"
    "memorysetup-temp-allocator-size-preload-manager=33554432"
    "memorysetup-temp-allocator-size-nav-mesh-worker=65536"
    "memorysetup-temp-allocator-size-audio-worker=65536"
    "memorysetup-temp-allocator-size-cloud-worker=32768"
    "memorysetup-temp-allocator-size-gi-baking-worker=262144"
    "memorysetup-temp-allocator-size-gfx=262144"
Player connection [15048] Host "[IP] 192.168.1.196 [Port] 0 [Flags] 2 [Guid] 2390788375 [EditorId] 2390788375 [Version] 1048832 [Id] WindowsEditor(7,DESKTOP-C30G49G) [Debug] 1 [PackageName] WindowsEditor [ProjectName] Editor" joined multi-casting on [225.0.0.222:54997]...

Player connection [15048] Host "[IP] 192.168.1.196 [Port] 0 [Flags] 2 [Guid] 2390788375 [EditorId] 2390788375 [Version] 1048832 [Id] WindowsEditor(7,DESKTOP-C30G49G) [Debug] 1 [PackageName] WindowsEditor [ProjectName] Editor" joined alternative multi-casting on [225.0.0.222:34997]...

[Physics::Module] Initialized MultithreadedJobDispatcher with 7 workers.
Refreshing native plugins compatible for Editor in 8.28 ms, found 3 plugins.
Preloading 0 native plugins for Editor in 0.00 ms.
Initialize engine version: 2022.3.17f1 (4fc78088f837)
[Subsystems] Discovering subsystems at path C:/Program Files/Unity/Hub/Editor/2022.3.17f1/Editor/Data/Resources/UnitySubsystems
[Subsystems] Discovering subsystems at path C:/Users/castr/Desktop/TFG/ENTORNO/Assets
GfxDevice: creating device client; threaded=0; jobified=0
Direct3D:
    Version:  Direct3D 11.0 [level 11.1]
    Renderer: NVIDIA GeForce RTX 4060 (ID=0x2882)
    Vendor:   NVIDIA
    VRAM:     7957 MB
    Driver:   31.0.15.5152
Initialize mono
Mono path[0] = 'C:/Program Files/Unity/Hub/Editor/2022.3.17f1/Editor/Data/Managed'
Mono path[1] = 'C:/Program Files/Unity/Hub/Editor/2022.3.17f1/Editor/Data/MonoBleedingEdge/lib/mono/unityjit-win32'
Mono config path = 'C:/Program Files/Unity/Hub/Editor/2022.3.17f1/Editor/Data/MonoBleedingEdge/etc'
Using monoOptions --debugger-agent=transport=dt_socket,embedding=1,server=y,suspend=n,address=127.0.0.1:56732
Begin MonoManager ReloadAssembly
Registering precompiled unity dll's ...
Register platform support module: C:/Program Files/Unity/Hub/Editor/2022.3.17f1/Editor/Data/PlaybackEngines/WindowsStandaloneSupport/UnityEditor.WindowsStandalone.Extensions.dll
Registered in 0.007819 seconds.
- Loaded All Assemblies, in  0.346 seconds
Native extension for WindowsStandalone target not found
Mono: successfully reloaded assembly
- Finished resetting the current domain, in  0.262 seconds
Domain Reload Profiling: 606ms
	BeginReloadAssembly (110ms)
		ExecutionOrderSort (0ms)
		DisableScriptedObjects (0ms)
		BackupInstance (0ms)
		ReleaseScriptingObjects (0ms)
		CreateAndSetChildDomain (1ms)
	RebuildCommonClasses (30ms)
	RebuildNativeTypeToScriptingClass (10ms)
	initialDomainReloadingComplete (54ms)
	LoadAllAssembliesAndSetupDomain (139ms)
		LoadAssemblies (108ms)
		RebuildTransferFunctionScriptingTraits (0ms)
		AnalyzeDomain (138ms)
			TypeCache.Refresh (136ms)
				TypeCache.ScanAssembly (124ms)
			ScanForSourceGeneratedMonoScriptInfo (0ms)
			ResolveRequiredComponents (0ms)
	FinalizeReload (262ms)
		ReleaseScriptCaches (0ms)
		RebuildScriptCaches (0ms)
		SetupLoadedEditorAssemblies (208ms)
			LogAssemblyErrors (0ms)
			InitializePlatformSupportModulesInManaged (8ms)
			SetLoadedEditorAssemblies (6ms)
			RefreshPlugins (0ms)
			BeforeProcessingInitializeOnLoad (2ms)
			ProcessInitializeOnLoadAttributes (146ms)
			ProcessInitializeOnLoadMethodAttributes (46ms)
			AfterProcessingInitializeOnLoad (0ms)
			EditorAssembliesLoaded (0ms)
		ExecutionOrderSort2 (0ms)
		AwakeInstancesAfterBackupRestoration (0ms)
========================================================================
Worker process is ready to serve import requests
Begin MonoManager ReloadAssembly
- Loaded All Assemblies, in  0.598 seconds
Refreshing native plugins compatible for Editor in 3.08 ms, found 3 plugins.
Native extension for WindowsStandalone target not found
Package Manager log level set to [2]
[Package Manager] Server::EnsureServerProcessIsRunning -- launch failed, reason: Unity was launched with the -noUpm command-line argument
[Package Manager] UpmClient::Send -- Unable to send message (not connected to UPM process).
[Package Manager] Cannot connect to Unity Package Manager local server
Mono: successfully reloaded assembly
- Finished resetting the current domain, in  0.594 seconds
Domain Reload Profiling: 1190ms
	BeginReloadAssembly (132ms)
		ExecutionOrderSort (0ms)
		DisableScriptedObjects (5ms)
		BackupInstance (0ms)
		ReleaseScriptingObjects (0ms)
		CreateAndSetChildDomain (19ms)
	RebuildCommonClasses (32ms)
	RebuildNativeTypeToScriptingClass (12ms)
	initialDomainReloadingComplete (38ms)
	LoadAllAssembliesAndSetupDomain (381ms)
		LoadAssemblies (278ms)
		RebuildTransferFunctionScriptingTraits (0ms)
		AnalyzeDomain (180ms)
			TypeCache.Refresh (153ms)
				TypeCache.ScanAssembly (130ms)
			ScanForSourceGeneratedMonoScriptInfo (19ms)
			ResolveRequiredComponents (8ms)
	FinalizeReload (595ms)
		ReleaseScriptCaches (0ms)
		RebuildScriptCaches (0ms)
		SetupLoadedEditorAssemblies (444ms)
			LogAssemblyErrors (0ms)
			InitializePlatformSupportModulesInManaged (6ms)
			SetLoadedEditorAssemblies (3ms)
			RefreshPlugins (0ms)
			BeforeProcessingInitializeOnLoad (64ms)
			ProcessInitializeOnLoadAttributes (306ms)
			ProcessInitializeOnLoadMethodAttributes (59ms)
			AfterProcessingInitializeOnLoad (6ms)
			EditorAssembliesLoaded (0ms)
		ExecutionOrderSort2 (0ms)
		AwakeInstancesAfterBackupRestoration (6ms)
Launched and connected shader compiler UnityShaderCompiler.exe after 0.05 seconds
Refreshing native plugins compatible for Editor in 3.02 ms, found 3 plugins.
Preloading 0 native plugins for Editor in 0.00 ms.
Unloading 4923 Unused Serialized files (Serialized files now loaded: 0)
Unloading 75 unused Assets / (0.8 MB). Loaded Objects now: 5372.
Memory consumption went from 203.0 MB to 202.3 MB.
Total: 3.262600 ms (FindLiveObjects: 0.374600 ms CreateObjectMapping: 0.354300 ms MarkObjects: 2.175300 ms  DeleteObjects: 0.357500 ms)

AssetImportParameters requested are different than current active one (requested -> active):
  custom:container-demuxer-ogg: 62fdf1f143b41e24485cea50d1cbac27 -> 
  custom:video-decoder-ogg-theora: a1e56fd34408186e4bbccfd4996cb3dc -> 
  custom:framework-win-MediaFoundation: 216162199b28c13a410421893ffa2e32 -> 
  custom:CustomObjectIndexerAttribute: 62b5816608c3102f162a1797e29626cf -> 
  custom:container-demuxer-webm: 4f35f7cbe854078d1ac9338744f61a02 -> 
  custom:container-muxer-webm: aa71ff27fc2769a1b78a27578f13a17b -> 
  custom:video-decoder-webm-vp8: 9c59270c3fd7afecdb556c50c9e8de78 -> 
  custom:SearchIndexIgnoredProperties: e643bd26f0fe6173181afceb89e7c659 -> 
  custom:AudioImporter_EditorPlatform: d09bf68614088b80899f8185d706f6e7 -> 
  custom:video-encoder-webm-vp8: eb34c28f22e8b96e1ab97ce403110664 -> 
  custom:audio-decoder-ogg-vorbis: bf7c407c2cedff20999df2af8eb42d56 -> 
  custom:audio-encoder-webm-vorbis: bf7c407c2cedff20999df2af8eb42d56 -> 
========================================================================
Received Import Request.
  Time since last request: 693475.946260 seconds.
  path: Assets/Idyllic Rome
  artifactKey: Guid(9087259dd50967d41a0c0154ccf9e313) Importer(815301076,1909f56bfc062723c751e8b465ee728b)
Start importing Assets/Idyllic Rome using Guid(9087259dd50967d41a0c0154ccf9e313) Importer(815301076,1909f56bfc062723c751e8b465ee728b)  -> (artifact id: '3a434e456c4529d1e5b4fde5514118f1') in 0.001990 seconds
Number of updated asset objects reloaded before import = 0
Number of asset objects unloaded after import = 0
========================================================================
Received Import Request.
  Time since last request: 178.024092 seconds.
  path: Assets/Idyllic Rome/Materials/Textures/M_amphoras_rome_MaskMap.png
  artifactKey: Guid(d196ec36dd850664cb14a4368ca671cf) Importer(815301076,1909f56bfc062723c751e8b465ee728b)
Start importing Assets/Idyllic Rome/Materials/Textures/M_amphoras_rome_MaskMap.png using Guid(d196ec36dd850664cb14a4368ca671cf) Importer(815301076,1909f56bfc062723c751e8b465ee728b)  -> (artifact id: 'bfde967dc00d522854e692eaed9dcd13') in 0.064702 seconds
Number of updated asset objects reloaded before import = 0
Number of asset objects unloaded after import = 2
========================================================================
Received Import Request.
  Time since last request: 0.000020 seconds.
  path: Assets/Idyllic Rome/Materials/Textures/M_amphoras_rome_Normal.png
  artifactKey: Guid(7d8fce3ef937e294eba86ebc17c881e4) Importer(815301076,1909f56bfc062723c751e8b465ee728b)
Start importing Assets/Idyllic Rome/Materials/Textures/M_amphoras_rome_Normal.png using Guid(7d8fce3ef937e294eba86ebc17c881e4) Importer(815301076,1909f56bfc062723c751e8b465ee728b)  -> (artifact id: 'df7881b398ab55f587cdaa72c7cb9e66') in 0.043938 seconds
Number of updated asset objects reloaded before import = 0
Number of asset objects unloaded after import = 2
========================================================================
Received Import Request.
  Time since last request: 0.000018 seconds.
  path: Assets/Idyllic Rome/Materials/Textures/M_banners_rome_Normal.png
  artifactKey: Guid(be9d2552c003c4641bdb6c689a38e421) Importer(815301076,1909f56bfc062723c751e8b465ee728b)
Start importing Assets/Idyllic Rome/Materials/Textures/M_banners_rome_Normal.png using Guid(be9d2552c003c4641bdb6c689a38e421) Importer(815301076,1909f56bfc062723c751e8b465ee728b)  -> (artifact id: '4c10acb4bb0b3848a4807daee4673575') in 0.019977 seconds
Number of updated asset objects reloaded before import = 0
Number of asset objects unloaded after import = 2
========================================================================
Received Import Request.
  Time since last request: 0.000021 seconds.
  path: Assets/Idyllic Rome/Materials/Textures/M_banner_hanger_Normal.png
  artifactKey: Guid(9b0b690dd62b0e64c9504529a11b81ff) Importer(815301076,1909f56bfc062723c751e8b465ee728b)
Start importing Assets/Idyllic Rome/Materials/Textures/M_banner_hanger_Normal.png using Guid(9b0b690dd62b0e64c9504529a11b81ff) Importer(815301076,1909f56bfc062723c751e8b465ee728b)  -> (artifact id: '5b224d1c373cce48590af6c52baeabf1') in 0.017918 seconds
Number of updated asset objects reloaded before import = 0
Number of asset objects unloaded after import = 2
========================================================================
Received Import Request.
  Time since last request: 0.000015 seconds.
  path: Assets/Idyllic Rome/Materials/Textures/M_baskets_Normal.png
  artifactKey: Guid(813ae68dd6ddd764fb766b318d2a52a1) Importer(815301076,1909f56bfc062723c751e8b465ee728b)
Start importing Assets/Idyllic Rome/Materials/Textures/M_baskets_Normal.png using Guid(813ae68dd6ddd764fb766b318d2a52a1) Importer(815301076,1909f56bfc062723c751e8b465ee728b)  -> (artifact id: '017d442d797abd6e91f79144c29b7ff9') in 0.018204 seconds
Number of updated asset objects reloaded before import = 0
Number of asset objects unloaded after import = 2
========================================================================
Received Import Request.
  Time since last request: 0.000018 seconds.
  path: Assets/Idyllic Rome/Materials/Textures/M_armor_roman_MaskMap.png
  artifactKey: Guid(eff3dc8e8544d2d41854307e2c4bf6ef) Importer(815301076,1909f56bfc062723c751e8b465ee728b)
Start importing Assets/Idyllic Rome/Materials/Textures/M_armor_roman_MaskMap.png using Guid(eff3dc8e8544d2d41854307e2c4bf6ef) Importer(815301076,1909f56bfc062723c751e8b465ee728b)  -> (artifact id: 'e4969f8e06047a7d4b9fb558b6c571c0') in 0.017522 seconds
Number of updated asset objects reloaded before import = 0
Number of asset objects unloaded after import = 2
========================================================================
Received Import Request.
  Time since last request: 0.000014 seconds.
  path: Assets/Idyllic Rome/Materials/Textures/M_bronceware_MaskMap.png
  artifactKey: Guid(dcde9f64abde6074c8f9b046ff4127c3) Importer(815301076,1909f56bfc062723c751e8b465ee728b)
Start importing Assets/Idyllic Rome/Materials/Textures/M_bronceware_MaskMap.png using Guid(dcde9f64abde6074c8f9b046ff4127c3) Importer(815301076,1909f56bfc062723c751e8b465ee728b)  -> (artifact id: '64fc13f3c2bb673662508619347eb5e9') in 0.017737 seconds
Number of updated asset objects reloaded before import = 0
Number of asset objects unloaded after import = 2
========================================================================
Received Import Request.
  Time since last request: 0.000020 seconds.
  path: Assets/Idyllic Rome/Materials/Textures/M_baskets_BaseMap.png
  artifactKey: Guid(b55d2e247f0e4454ea742fb4ae42c9ef) Importer(815301076,1909f56bfc062723c751e8b465ee728b)
Start importing Assets/Idyllic Rome/Materials/Textures/M_baskets_BaseMap.png using Guid(b55d2e247f0e4454ea742fb4ae42c9ef) Importer(815301076,1909f56bfc062723c751e8b465ee728b)  -> (artifact id: '618d6475c529cac33db65fd370771b1f') in 0.017306 seconds
Number of updated asset objects reloaded before import = 0
Number of asset objects unloaded after import = 2
========================================================================
Received Import Request.
  Time since last request: 0.000016 seconds.
  path: Assets/Idyllic Rome/Materials/Textures/M_candles_BaseMap.png
  artifactKey: Guid(43578b9d4d7f416418ce4c996fa4795b) Importer(815301076,1909f56bfc062723c751e8b465ee728b)
Start importing Assets/Idyllic Rome/Materials/Textures/M_candles_BaseMap.png using Guid(43578b9d4d7f416418ce4c996fa4795b) Importer(815301076,1909f56bfc062723c751e8b465ee728b)  -> (artifact id: '839a6532cc73e6c0a3556f94e7b642eb') in 0.016932 seconds
Number of updated asset objects reloaded before import = 0
Number of asset objects unloaded after import = 2
========================================================================
Received Import Request.
  Time since last request: 0.000015 seconds.
  path: Assets/Idyllic Rome/Materials/Textures/M_bronceware_Normal.png
  artifactKey: Guid(6a956a04a1058de4e8074932eff19d20) Importer(815301076,1909f56bfc062723c751e8b465ee728b)
Start importing Assets/Idyllic Rome/Materials/Textures/M_bronceware_Normal.png using Guid(6a956a04a1058de4e8074932eff19d20) Importer(815301076,1909f56bfc062723c751e8b465ee728b)  -> (artifact id: 'd68b8cd39d67a56a746a0bca177968c1') in 0.017601 seconds
Number of updated asset objects reloaded before import = 0
Number of asset objects unloaded after import = 2
========================================================================
Received Import Request.
  Time since last request: 546.468022 seconds.
  path: Assets/Idyllic Rome/Materials/Textures/M_cliff_rocks_BaseMap.png
  artifactKey: Guid(f71ec9dca2eaaab46a706198a5f79aeb) Importer(815301076,1909f56bfc062723c751e8b465ee728b)
Start importing Assets/Idyllic Rome/Materials/Textures/M_cliff_rocks_BaseMap.png using Guid(f71ec9dca2eaaab46a706198a5f79aeb) Importer(815301076,1909f56bfc062723c751e8b465ee728b)  -> (artifact id: '583777b878bcc850b63b83b3506f8c74') in 0.019183 seconds
Number of updated asset objects reloaded before import = 0
Number of asset objects unloaded after import = 2
========================================================================
Received Import Request.
  Time since last request: 0.836875 seconds.
  path: Assets/Idyllic Rome/Materials/Textures/M_dirttexture_dark.png
  artifactKey: Guid(c31319f3abea98b478672266dcaf730f) Importer(815301076,1909f56bfc062723c751e8b465ee728b)
Start importing Assets/Idyllic Rome/Materials/Textures/M_dirttexture_dark.png using Guid(c31319f3abea98b478672266dcaf730f) Importer(815301076,1909f56bfc062723c751e8b465ee728b)  -> (artifact id: 'e5e5ecd96aae5101ca8853611456bc49') in 0.027543 seconds
Number of updated asset objects reloaded before import = 0
Number of asset objects unloaded after import = 2
========================================================================
Received Import Request.
  Time since last request: 0.000013 seconds.
  path: Assets/Idyllic Rome/Materials/Textures/M_ground_dirt_01_Normal.png
  artifactKey: Guid(465a94650129b984b99a1f2ff44b7b3d) Importer(815301076,1909f56bfc062723c751e8b465ee728b)
Start importing Assets/Idyllic Rome/Materials/Textures/M_ground_dirt_01_Normal.png using Guid(465a94650129b984b99a1f2ff44b7b3d) Importer(815301076,1909f56bfc062723c751e8b465ee728b)  -> (artifact id: 'e2e4b3f4a7646c7d395bcbf8e74b5278') in 0.019120 seconds
Number of updated asset objects reloaded before import = 0
Number of asset objects unloaded after import = 2
========================================================================
Received Import Request.
  Time since last request: 0.336460 seconds.
  path: Assets/Idyllic Rome/Materials/Textures/M_grasstexture_stylized.png
  artifactKey: Guid(3178771eacbd85d4088b8fe6c686e640) Importer(815301076,1909f56bfc062723c751e8b465ee728b)
Start importing Assets/Idyllic Rome/Materials/Textures/M_grasstexture_stylized.png using Guid(3178771eacbd85d4088b8fe6c686e640) Importer(815301076,1909f56bfc062723c751e8b465ee728b)  -> (artifact id: '896cc929f2c120ea41ee32cad38f84fb') in 0.017281 seconds
Number of updated asset objects reloaded before import = 0
Number of asset objects unloaded after import = 2
========================================================================
Received Import Request.
  Time since last request: 0.447218 seconds.
  path: Assets/Idyllic Rome/Materials/Textures/M_gravel_BaseMap.png
  artifactKey: Guid(417dcc6e6e954044bb22eee2bd85aa2a) Importer(815301076,1909f56bfc062723c751e8b465ee728b)
Start importing Assets/Idyllic Rome/Materials/Textures/M_gravel_BaseMap.png using Guid(417dcc6e6e954044bb22eee2bd85aa2a) Importer(815301076,1909f56bfc062723c751e8b465ee728b)  -> (artifact id: 'e6dcb3c5b3811faf242f1b643165b574') in 0.020483 seconds
Number of updated asset objects reloaded before import = 0
Number of asset objects unloaded after import = 2
========================================================================
Received Import Request.
  Time since last request: 0.000014 seconds.
  path: Assets/Idyllic Rome/Materials/Textures/M_gravel_Normal.png
  artifactKey: Guid(97a2260d8cbebf441b8effea727321bc) Importer(815301076,1909f56bfc062723c751e8b465ee728b)
Start importing Assets/Idyllic Rome/Materials/Textures/M_gravel_Normal.png using Guid(97a2260d8cbebf441b8effea727321bc) Importer(815301076,1909f56bfc062723c751e8b465ee728b)  -> (artifact id: '4fa3fa5d0e4e5b016f192949f6e344e0') in 0.020182 seconds
Number of updated asset objects reloaded before import = 0
Number of asset objects unloaded after import = 2
========================================================================
Received Import Request.
  Time since last request: 1.141165 seconds.
  path: Assets/Idyllic Rome/Materials/Textures/M_gravel_02_BaseMap.png
  artifactKey: Guid(31ced659f1753c149bfe02fbe991a641) Importer(815301076,1909f56bfc062723c751e8b465ee728b)
Start importing Assets/Idyllic Rome/Materials/Textures/M_gravel_02_BaseMap.png using Guid(31ced659f1753c149bfe02fbe991a641) Importer(815301076,1909f56bfc062723c751e8b465ee728b)  -> (artifact id: 'aa9158994a335662c68aa3e466f0fe98') in 0.033349 seconds
Number of updated asset objects reloaded before import = 0
Number of asset objects unloaded after import = 2
========================================================================
Received Import Request.
  Time since last request: 0.554978 seconds.
  path: Assets/Idyllic Rome/Materials/Textures/M_tiles_floor_BaseMap.png
  artifactKey: Guid(de96a8f1e290b4e40852d9ed9ea6e6f1) Importer(815301076,1909f56bfc062723c751e8b465ee728b)
Start importing Assets/Idyllic Rome/Materials/Textures/M_tiles_floor_BaseMap.png using Guid(de96a8f1e290b4e40852d9ed9ea6e6f1) Importer(815301076,1909f56bfc062723c751e8b465ee728b)  -> (artifact id: 'e009313bb068fe3a2f1b03b138c47e83') in 0.018901 seconds
Number of updated asset objects reloaded before import = 0
Number of asset objects unloaded after import = 2
