Using pre-set license
Built from '2022.3/staging' branch; Version is '2022.3.17f1 (4fc78088f837) revision 5228416'; Using compiler version '192829333'; Build Type 'Release'
OS: 'Windows 10  (10.0.19045) 64bit Core' Language: 'es' Physical Memory: 32702 MB
BatchMode: 1, IsHumanControllingUs: 0, StartBugReporterOnCrash: 0, Is64bit: 1, IsPro: 1

COMMAND LINE ARGUMENTS:
C:\Program Files\Unity\Hub\Editor\2022.3.17f1\Editor\Unity.exe
-adb2
-batchMode
-noUpm
-name
AssetImportWorker0
-projectPath
C:/Users/castr/Desktop/TFG/ENTORNO
-logFile
Logs/AssetImportWorker0.log
-srvPort
57824
Successfully changed project path to: C:/Users/castr/Desktop/TFG/ENTORNO
C:/Users/castr/Desktop/TFG/ENTORNO
[UnityMemory] Configuration Parameters - Can be set up in boot.config
    "memorysetup-bucket-allocator-granularity=16"
    "memorysetup-bucket-allocator-bucket-count=8"
    "memorysetup-bucket-allocator-block-size=33554432"
    "memorysetup-bucket-allocator-block-count=8"
    "memorysetup-main-allocator-block-size=16777216"
    "memorysetup-thread-allocator-block-size=16777216"
    "memorysetup-gfx-main-allocator-block-size=16777216"
    "memorysetup-gfx-thread-allocator-block-size=16777216"
    "memorysetup-cache-allocator-block-size=4194304"
    "memorysetup-typetree-allocator-block-size=2097152"
    "memorysetup-profiler-bucket-allocator-granularity=16"
    "memorysetup-profiler-bucket-allocator-bucket-count=8"
    "memorysetup-profiler-bucket-allocator-block-size=33554432"
    "memorysetup-profiler-bucket-allocator-block-count=8"
    "memorysetup-profiler-allocator-block-size=16777216"
    "memorysetup-profiler-editor-allocator-block-size=1048576"
    "memorysetup-temp-allocator-size-main=16777216"
    "memorysetup-job-temp-allocator-block-size=2097152"
    "memorysetup-job-temp-allocator-block-size-background=1048576"
    "memorysetup-job-temp-allocator-reduction-small-platforms=262144"
    "memorysetup-allocator-temp-initial-block-size-main=262144"
    "memorysetup-allocator-temp-initial-block-size-worker=262144"
    "memorysetup-temp-allocator-size-background-worker=32768"
    "memorysetup-temp-allocator-size-job-worker=262144"
    "memorysetup-temp-allocator-size-preload-manager=33554432"
    "memorysetup-temp-allocator-size-nav-mesh-worker=65536"
    "memorysetup-temp-allocator-size-audio-worker=65536"
    "memorysetup-temp-allocator-size-cloud-worker=32768"
    "memorysetup-temp-allocator-size-gi-baking-worker=262144"
    "memorysetup-temp-allocator-size-gfx=262144"
Player connection [12824] Host "[IP] 192.168.1.196 [Port] 0 [Flags] 2 [Guid] 2195392635 [EditorId] 2195392635 [Version] 1048832 [Id] WindowsEditor(7,DESKTOP-C30G49G) [Debug] 1 [PackageName] WindowsEditor [ProjectName] Editor" joined multi-casting on [225.0.0.222:54997]...

Player connection [12824] Host "[IP] 192.168.1.196 [Port] 0 [Flags] 2 [Guid] 2195392635 [EditorId] 2195392635 [Version] 1048832 [Id] WindowsEditor(7,DESKTOP-C30G49G) [Debug] 1 [PackageName] WindowsEditor [ProjectName] Editor" joined alternative multi-casting on [225.0.0.222:34997]...

[Physics::Module] Initialized MultithreadedJobDispatcher with 7 workers.
Refreshing native plugins compatible for Editor in 8.73 ms, found 3 plugins.
Preloading 0 native plugins for Editor in 0.00 ms.
Initialize engine version: 2022.3.17f1 (4fc78088f837)
[Subsystems] Discovering subsystems at path C:/Program Files/Unity/Hub/Editor/2022.3.17f1/Editor/Data/Resources/UnitySubsystems
[Subsystems] Discovering subsystems at path C:/Users/castr/Desktop/TFG/ENTORNO/Assets
GfxDevice: creating device client; threaded=0; jobified=0
Direct3D:
    Version:  Direct3D 11.0 [level 11.1]
    Renderer: NVIDIA GeForce RTX 4060 (ID=0x2882)
    Vendor:   NVIDIA
    VRAM:     7957 MB
    Driver:   31.0.15.5152
Initialize mono
Mono path[0] = 'C:/Program Files/Unity/Hub/Editor/2022.3.17f1/Editor/Data/Managed'
Mono path[1] = 'C:/Program Files/Unity/Hub/Editor/2022.3.17f1/Editor/Data/MonoBleedingEdge/lib/mono/unityjit-win32'
Mono config path = 'C:/Program Files/Unity/Hub/Editor/2022.3.17f1/Editor/Data/MonoBleedingEdge/etc'
Using monoOptions --debugger-agent=transport=dt_socket,embedding=1,server=y,suspend=n,address=127.0.0.1:56904
Begin MonoManager ReloadAssembly
Registering precompiled unity dll's ...
Register platform support module: C:/Program Files/Unity/Hub/Editor/2022.3.17f1/Editor/Data/PlaybackEngines/WindowsStandaloneSupport/UnityEditor.WindowsStandalone.Extensions.dll
Registered in 0.007485 seconds.
- Loaded All Assemblies, in  0.348 seconds
Native extension for WindowsStandalone target not found
Mono: successfully reloaded assembly
- Finished resetting the current domain, in  0.260 seconds
Domain Reload Profiling: 606ms
	BeginReloadAssembly (110ms)
		ExecutionOrderSort (0ms)
		DisableScriptedObjects (0ms)
		BackupInstance (0ms)
		ReleaseScriptingObjects (0ms)
		CreateAndSetChildDomain (1ms)
	RebuildCommonClasses (31ms)
	RebuildNativeTypeToScriptingClass (10ms)
	initialDomainReloadingComplete (54ms)
	LoadAllAssembliesAndSetupDomain (141ms)
		LoadAssemblies (108ms)
		RebuildTransferFunctionScriptingTraits (0ms)
		AnalyzeDomain (139ms)
			TypeCache.Refresh (138ms)
				TypeCache.ScanAssembly (125ms)
			ScanForSourceGeneratedMonoScriptInfo (0ms)
			ResolveRequiredComponents (0ms)
	FinalizeReload (260ms)
		ReleaseScriptCaches (0ms)
		RebuildScriptCaches (0ms)
		SetupLoadedEditorAssemblies (207ms)
			LogAssemblyErrors (0ms)
			InitializePlatformSupportModulesInManaged (8ms)
			SetLoadedEditorAssemblies (6ms)
			RefreshPlugins (0ms)
			BeforeProcessingInitializeOnLoad (2ms)
			ProcessInitializeOnLoadAttributes (145ms)
			ProcessInitializeOnLoadMethodAttributes (46ms)
			AfterProcessingInitializeOnLoad (0ms)
			EditorAssembliesLoaded (0ms)
		ExecutionOrderSort2 (0ms)
		AwakeInstancesAfterBackupRestoration (0ms)
========================================================================
Worker process is ready to serve import requests
Begin MonoManager ReloadAssembly
- Loaded All Assemblies, in  0.597 seconds
Refreshing native plugins compatible for Editor in 3.22 ms, found 3 plugins.
Native extension for WindowsStandalone target not found
Package Manager log level set to [2]
[Package Manager] Server::EnsureServerProcessIsRunning -- launch failed, reason: Unity was launched with the -noUpm command-line argument
[Package Manager] UpmClient::Send -- Unable to send message (not connected to UPM process).
[Package Manager] Cannot connect to Unity Package Manager local server
Mono: successfully reloaded assembly
- Finished resetting the current domain, in  0.590 seconds
Domain Reload Profiling: 1185ms
	BeginReloadAssembly (135ms)
		ExecutionOrderSort (0ms)
		DisableScriptedObjects (5ms)
		BackupInstance (0ms)
		ReleaseScriptingObjects (0ms)
		CreateAndSetChildDomain (19ms)
	RebuildCommonClasses (32ms)
	RebuildNativeTypeToScriptingClass (12ms)
	initialDomainReloadingComplete (38ms)
	LoadAllAssembliesAndSetupDomain (377ms)
		LoadAssemblies (276ms)
		RebuildTransferFunctionScriptingTraits (0ms)
		AnalyzeDomain (182ms)
			TypeCache.Refresh (154ms)
				TypeCache.ScanAssembly (131ms)
			ScanForSourceGeneratedMonoScriptInfo (19ms)
			ResolveRequiredComponents (8ms)
	FinalizeReload (590ms)
		ReleaseScriptCaches (0ms)
		RebuildScriptCaches (0ms)
		SetupLoadedEditorAssemblies (440ms)
			LogAssemblyErrors (0ms)
			InitializePlatformSupportModulesInManaged (6ms)
			SetLoadedEditorAssemblies (3ms)
			RefreshPlugins (0ms)
			BeforeProcessingInitializeOnLoad (61ms)
			ProcessInitializeOnLoadAttributes (305ms)
			ProcessInitializeOnLoadMethodAttributes (59ms)
			AfterProcessingInitializeOnLoad (6ms)
			EditorAssembliesLoaded (0ms)
		ExecutionOrderSort2 (0ms)
		AwakeInstancesAfterBackupRestoration (6ms)
Launched and connected shader compiler UnityShaderCompiler.exe after 0.06 seconds
Refreshing native plugins compatible for Editor in 3.24 ms, found 3 plugins.
Preloading 0 native plugins for Editor in 0.00 ms.
Unloading 4923 Unused Serialized files (Serialized files now loaded: 0)
Unloading 75 unused Assets / (0.8 MB). Loaded Objects now: 5372.
Memory consumption went from 203.0 MB to 202.2 MB.
Total: 3.263300 ms (FindLiveObjects: 0.366700 ms CreateObjectMapping: 0.347000 ms MarkObjects: 2.188800 ms  DeleteObjects: 0.359900 ms)

AssetImportParameters requested are different than current active one (requested -> active):
  custom:container-demuxer-ogg: 62fdf1f143b41e24485cea50d1cbac27 -> 
  custom:video-decoder-ogg-theora: a1e56fd34408186e4bbccfd4996cb3dc -> 
  custom:framework-win-MediaFoundation: 216162199b28c13a410421893ffa2e32 -> 
  custom:CustomObjectIndexerAttribute: 62b5816608c3102f162a1797e29626cf -> 
  custom:container-demuxer-webm: 4f35f7cbe854078d1ac9338744f61a02 -> 
  custom:container-muxer-webm: aa71ff27fc2769a1b78a27578f13a17b -> 
  custom:video-decoder-webm-vp8: 9c59270c3fd7afecdb556c50c9e8de78 -> 
  custom:SearchIndexIgnoredProperties: e643bd26f0fe6173181afceb89e7c659 -> 
  custom:AudioImporter_EditorPlatform: d09bf68614088b80899f8185d706f6e7 -> 
  custom:video-encoder-webm-vp8: eb34c28f22e8b96e1ab97ce403110664 -> 
  custom:audio-decoder-ogg-vorbis: bf7c407c2cedff20999df2af8eb42d56 -> 
  custom:audio-encoder-webm-vorbis: bf7c407c2cedff20999df2af8eb42d56 -> 
========================================================================
Received Import Request.
  Time since last request: 693475.945032 seconds.
  path: Assets/Idyllic Rome/SHOWCASE Rome.unity
  artifactKey: Guid(973cccbaf1eb1324e9e84400d5d96069) Importer(815301076,1909f56bfc062723c751e8b465ee728b)
Start importing Assets/Idyllic Rome/SHOWCASE Rome.unity using Guid(973cccbaf1eb1324e9e84400d5d96069) Importer(815301076,1909f56bfc062723c751e8b465ee728b)  -> (artifact id: '355f0ad51b1b3492f5fbbe181e4e9014') in 0.002249 seconds
Number of updated asset objects reloaded before import = 0
Number of asset objects unloaded after import = 0
========================================================================
Received Import Request.
  Time since last request: 40.384350 seconds.
  path: Assets/Idyllic Rome/Materials
  artifactKey: Guid(ba1f86af2176c144993d27212dabbbde) Importer(815301076,1909f56bfc062723c751e8b465ee728b)
Start importing Assets/Idyllic Rome/Materials using Guid(ba1f86af2176c144993d27212dabbbde) Importer(815301076,1909f56bfc062723c751e8b465ee728b)  -> (artifact id: 'c15d7bef21b2ce1cf87c3173bc6372f4') in 0.000450 seconds
Number of updated asset objects reloaded before import = 0
Number of asset objects unloaded after import = 0
========================================================================
Received Import Request.
  Time since last request: 73.480012 seconds.
  path: Assets/Idyllic Rome/Materials/Terrain
  artifactKey: Guid(5eaf8f144cf55994a9aa9491abb9d588) Importer(815301076,1909f56bfc062723c751e8b465ee728b)
Start importing Assets/Idyllic Rome/Materials/Terrain using Guid(5eaf8f144cf55994a9aa9491abb9d588) Importer(815301076,1909f56bfc062723c751e8b465ee728b)  -> (artifact id: '2d48bf026cf6ddcfec5e88aaace92dcb') in 0.000556 seconds
Number of updated asset objects reloaded before import = 0
Number of asset objects unloaded after import = 0
========================================================================
Received Import Request.
  Time since last request: 64.130720 seconds.
  path: Assets/Idyllic Rome/Materials/Textures/M_amphoras_rome_BaseMap.png
  artifactKey: Guid(fb527cabd5b710a43b656241941fb31e) Importer(815301076,1909f56bfc062723c751e8b465ee728b)
Start importing Assets/Idyllic Rome/Materials/Textures/M_amphoras_rome_BaseMap.png using Guid(fb527cabd5b710a43b656241941fb31e) Importer(815301076,1909f56bfc062723c751e8b465ee728b)  -> (artifact id: '7372f5b505e8c5aaa4f1c9541ed00b1b') in 0.065715 seconds
Number of updated asset objects reloaded before import = 0
Number of asset objects unloaded after import = 2
========================================================================
Received Import Request.
  Time since last request: 0.000016 seconds.
  path: Assets/Idyllic Rome/Materials/Textures/M_armor_roman_BaseMap.png
  artifactKey: Guid(dfb42ad9a7d4b794a906e009b991b2d6) Importer(815301076,1909f56bfc062723c751e8b465ee728b)
Start importing Assets/Idyllic Rome/Materials/Textures/M_armor_roman_BaseMap.png using Guid(dfb42ad9a7d4b794a906e009b991b2d6) Importer(815301076,1909f56bfc062723c751e8b465ee728b)  -> (artifact id: '18143eee33d14891f7a1bd89a928ccce') in 0.031325 seconds
Number of updated asset objects reloaded before import = 0
Number of asset objects unloaded after import = 2
========================================================================
Received Import Request.
  Time since last request: 0.000022 seconds.
  path: Assets/Idyllic Rome/Materials/Textures/M_bronceware_BaseMap.png
  artifactKey: Guid(f71ad2af4706a1147beee0754ff069cd) Importer(815301076,1909f56bfc062723c751e8b465ee728b)
Start importing Assets/Idyllic Rome/Materials/Textures/M_bronceware_BaseMap.png using Guid(f71ad2af4706a1147beee0754ff069cd) Importer(815301076,1909f56bfc062723c751e8b465ee728b)  -> (artifact id: '660395ddfce2592d7ceab53d0c1581bf') in 0.017878 seconds
Number of updated asset objects reloaded before import = 0
Number of asset objects unloaded after import = 2
========================================================================
Received Import Request.
  Time since last request: 0.000017 seconds.
  path: Assets/Idyllic Rome/Materials/Textures/M_banner_hanger_BaseMap.png
  artifactKey: Guid(f4071245864d3ed48b3a14e9082cc279) Importer(815301076,1909f56bfc062723c751e8b465ee728b)
Start importing Assets/Idyllic Rome/Materials/Textures/M_banner_hanger_BaseMap.png using Guid(f4071245864d3ed48b3a14e9082cc279) Importer(815301076,1909f56bfc062723c751e8b465ee728b)  -> (artifact id: '9d331ec463d634cabf7b5f71dff77675') in 0.016881 seconds
Number of updated asset objects reloaded before import = 0
Number of asset objects unloaded after import = 2
========================================================================
Received Import Request.
  Time since last request: 0.000026 seconds.
  path: Assets/Idyllic Rome/Materials/Textures/M_baskets_MaskMap.png
  artifactKey: Guid(a846b076739c65546b157ce202dd2c7f) Importer(815301076,1909f56bfc062723c751e8b465ee728b)
Start importing Assets/Idyllic Rome/Materials/Textures/M_baskets_MaskMap.png using Guid(a846b076739c65546b157ce202dd2c7f) Importer(815301076,1909f56bfc062723c751e8b465ee728b)  -> (artifact id: '0e40ee1921709e364887fbd48d803f9b') in 0.017510 seconds
Number of updated asset objects reloaded before import = 0
Number of asset objects unloaded after import = 2
========================================================================
Received Import Request.
  Time since last request: 0.000019 seconds.
  path: Assets/Idyllic Rome/Materials/Textures/M_banners_rome_MaskMap.png
  artifactKey: Guid(54a93c8e98fcc2d4d8ff0d5c4734077e) Importer(815301076,1909f56bfc062723c751e8b465ee728b)
Start importing Assets/Idyllic Rome/Materials/Textures/M_banners_rome_MaskMap.png using Guid(54a93c8e98fcc2d4d8ff0d5c4734077e) Importer(815301076,1909f56bfc062723c751e8b465ee728b)  -> (artifact id: '1102fd1b7e156228d4600a6edd757237') in 0.022765 seconds
Number of updated asset objects reloaded before import = 0
Number of asset objects unloaded after import = 2
========================================================================
Received Import Request.
  Time since last request: 0.000017 seconds.
  path: Assets/Idyllic Rome/Materials/Textures/M_banners_rome_BaseMap.png
  artifactKey: Guid(d532b8139b02f074a9d252a822eb9b0e) Importer(815301076,1909f56bfc062723c751e8b465ee728b)
Start importing Assets/Idyllic Rome/Materials/Textures/M_banners_rome_BaseMap.png using Guid(d532b8139b02f074a9d252a822eb9b0e) Importer(815301076,1909f56bfc062723c751e8b465ee728b)  -> (artifact id: '8b8467c5eff9f77343e0ac7e95dc04e4') in 0.019311 seconds
Number of updated asset objects reloaded before import = 0
Number of asset objects unloaded after import = 2
========================================================================
Received Import Request.
  Time since last request: 0.000015 seconds.
  path: Assets/Idyllic Rome/Materials/Textures/M_armor_roman_Normal.png
  artifactKey: Guid(67b8f25b4877d744e80d64f59fcd044f) Importer(815301076,1909f56bfc062723c751e8b465ee728b)
Start importing Assets/Idyllic Rome/Materials/Textures/M_armor_roman_Normal.png using Guid(67b8f25b4877d744e80d64f59fcd044f) Importer(815301076,1909f56bfc062723c751e8b465ee728b)  -> (artifact id: '0f1799028120dc45f82a60aea9221749') in 0.040726 seconds
Number of updated asset objects reloaded before import = 0
Number of asset objects unloaded after import = 2
========================================================================
Received Import Request.
  Time since last request: 0.000020 seconds.
  path: Assets/Idyllic Rome/Materials/Textures/M_bricks_03_Normal.png
  artifactKey: Guid(a6cc5d28fb6dd6c49994d9e977d5b510) Importer(815301076,1909f56bfc062723c751e8b465ee728b)
Start importing Assets/Idyllic Rome/Materials/Textures/M_bricks_03_Normal.png using Guid(a6cc5d28fb6dd6c49994d9e977d5b510) Importer(815301076,1909f56bfc062723c751e8b465ee728b)  -> (artifact id: 'e89fa8e9dee30abeb1e4f4afc756ace3') in 0.017851 seconds
Number of updated asset objects reloaded before import = 0
Number of asset objects unloaded after import = 2
========================================================================
Received Import Request.
  Time since last request: 0.000015 seconds.
  path: Assets/Idyllic Rome/Materials/Textures/M_banner_hanger_MaskMap.png
  artifactKey: Guid(4377e3f440da18346b03794fed5c4e2e) Importer(815301076,1909f56bfc062723c751e8b465ee728b)
Start importing Assets/Idyllic Rome/Materials/Textures/M_banner_hanger_MaskMap.png using Guid(4377e3f440da18346b03794fed5c4e2e) Importer(815301076,1909f56bfc062723c751e8b465ee728b)  -> (artifact id: '92d8a5e7a56fc0189cb61a6faeb27f2d') in 0.017244 seconds
Number of updated asset objects reloaded before import = 0
Number of asset objects unloaded after import = 2
========================================================================
Received Import Request.
  Time since last request: 402.951427 seconds.
  path: Assets/Idyllic Rome/Prefabs
  artifactKey: Guid(d80123abafe020846af3d1f298d1775e) Importer(815301076,1909f56bfc062723c751e8b465ee728b)
Start importing Assets/Idyllic Rome/Prefabs using Guid(d80123abafe020846af3d1f298d1775e) Importer(815301076,1909f56bfc062723c751e8b465ee728b)  -> (artifact id: '100a64d6c9fa693cf38064edac3d5d89') in 0.000727 seconds
Number of updated asset objects reloaded before import = 0
Number of asset objects unloaded after import = 0
========================================================================
Received Import Request.
  Time since last request: 1.304199 seconds.
  path: Assets/Idyllic Rome/Prefabs/Buildings
  artifactKey: Guid(c196cdd3e9d48904e8ca7368ca20c93d) Importer(815301076,1909f56bfc062723c751e8b465ee728b)
Start importing Assets/Idyllic Rome/Prefabs/Buildings using Guid(c196cdd3e9d48904e8ca7368ca20c93d) Importer(815301076,1909f56bfc062723c751e8b465ee728b)  -> (artifact id: 'e8699fcc28aaed94d4fc61724de9503e') in 0.000522 seconds
Number of updated asset objects reloaded before import = 0
Number of asset objects unloaded after import = 0
========================================================================
Received Import Request.
  Time since last request: 11.561394 seconds.
  path: Assets/Idyllic Rome/Prefabs/Buildings/SM_temple_rome_02.prefab
  artifactKey: Guid(6b358e54bb7221c4f941c804f95482d1) Importer(815301076,1909f56bfc062723c751e8b465ee728b)
Start importing Assets/Idyllic Rome/Prefabs/Buildings/SM_temple_rome_02.prefab using Guid(6b358e54bb7221c4f941c804f95482d1) Importer(815301076,1909f56bfc062723c751e8b465ee728b)  -> (artifact id: '866efb7811d54d76a1e366bae7923260') in 3.131784 seconds
Number of updated asset objects reloaded before import = 0
Number of asset objects unloaded after import = 59
========================================================================
Received Import Request.
  Time since last request: 72.770812 seconds.
  path: Assets/Idyllic Rome/SHOWCASE Rome.unity
  artifactKey: Guid(973cccbaf1eb1324e9e84400d5d96069) Importer(815301076,1909f56bfc062723c751e8b465ee728b)
Start importing Assets/Idyllic Rome/SHOWCASE Rome.unity using Guid(973cccbaf1eb1324e9e84400d5d96069) Importer(815301076,1909f56bfc062723c751e8b465ee728b)  -> (artifact id: '801564dd1b20fe73c72683884a439c61') in 0.000808 seconds
Number of updated asset objects reloaded before import = 0
Number of asset objects unloaded after import = 0
========================================================================
Received Import Request.
  Time since last request: 0.536855 seconds.
  path: Assets/Idyllic Rome/DEMO Rome.unity
  artifactKey: Guid(5d0ab0ed0096ba246a99ade10f9145c0) Importer(815301076,1909f56bfc062723c751e8b465ee728b)
Start importing Assets/Idyllic Rome/DEMO Rome.unity using Guid(5d0ab0ed0096ba246a99ade10f9145c0) Importer(815301076,1909f56bfc062723c751e8b465ee728b)  -> (artifact id: '415c1de9220ca74894cd91ebae5ae7e6') in 0.000517 seconds
Number of updated asset objects reloaded before import = 0
Number of asset objects unloaded after import = 0
========================================================================
Received Import Request.
  Time since last request: 54.149923 seconds.
  path: Assets/Idyllic Rome/Materials/Terrain/LayerCliffs.terrainlayer
  artifactKey: Guid(ca8df2c8386adfb40961424edfdd8267) Importer(815301076,1909f56bfc062723c751e8b465ee728b)
Start importing Assets/Idyllic Rome/Materials/Terrain/LayerCliffs.terrainlayer using Guid(ca8df2c8386adfb40961424edfdd8267) Importer(815301076,1909f56bfc062723c751e8b465ee728b)  -> (artifact id: '7fae0a9dbc1fcee5c77b879d96bd93d4') in 0.025934 seconds
Number of updated asset objects reloaded before import = 0
Number of asset objects unloaded after import = 4
========================================================================
Received Import Request.
  Time since last request: 0.000023 seconds.
  path: Assets/Idyllic Rome/Materials/Textures/M_cliff_rocks_normal.png
  artifactKey: Guid(264123bf6c995084081cfb22b6c881c0) Importer(815301076,1909f56bfc062723c751e8b465ee728b)
Start importing Assets/Idyllic Rome/Materials/Textures/M_cliff_rocks_normal.png using Guid(264123bf6c995084081cfb22b6c881c0) Importer(815301076,1909f56bfc062723c751e8b465ee728b)  -> (artifact id: '5cb46269190fb973bc6af76c7f13ea71') in 0.018871 seconds
Number of updated asset objects reloaded before import = 0
Number of asset objects unloaded after import = 2
========================================================================
Received Import Request.
  Time since last request: 0.806674 seconds.
  path: Assets/Idyllic Rome/Materials/Terrain/LayerDirt.terrainlayer
  artifactKey: Guid(a7e4597b302e8e64f9a6c897d42ab7b7) Importer(815301076,1909f56bfc062723c751e8b465ee728b)
Start importing Assets/Idyllic Rome/Materials/Terrain/LayerDirt.terrainlayer using Guid(a7e4597b302e8e64f9a6c897d42ab7b7) Importer(815301076,1909f56bfc062723c751e8b465ee728b)  -> (artifact id: '1aa5cc5752f60f971fb78622ae6a7c99') in 0.030353 seconds
Number of updated asset objects reloaded before import = 0
Number of asset objects unloaded after import = 4
========================================================================
Received Import Request.
  Time since last request: 0.361081 seconds.
  path: Assets/Idyllic Rome/Materials/Terrain/LayerGrass.terrainlayer
  artifactKey: Guid(e23957ed832352b4c8eb50030bec0446) Importer(815301076,1909f56bfc062723c751e8b465ee728b)
Start importing Assets/Idyllic Rome/Materials/Terrain/LayerGrass.terrainlayer using Guid(e23957ed832352b4c8eb50030bec0446) Importer(815301076,1909f56bfc062723c751e8b465ee728b)  -> (artifact id: '9a3f7ecd006699cba6873b4b7b8e79c6') in 0.020328 seconds
Number of updated asset objects reloaded before import = 0
Number of asset objects unloaded after import = 4
========================================================================
Received Import Request.
  Time since last request: 0.444635 seconds.
  path: Assets/Idyllic Rome/Materials/Terrain/LayerGravel.terrainlayer
  artifactKey: Guid(2e6f833b64224354390beaed5fef60b8) Importer(815301076,1909f56bfc062723c751e8b465ee728b)
Start importing Assets/Idyllic Rome/Materials/Terrain/LayerGravel.terrainlayer using Guid(2e6f833b64224354390beaed5fef60b8) Importer(815301076,1909f56bfc062723c751e8b465ee728b)  -> (artifact id: '71d65c6fd60ecec6f436c6032171fcff') in 0.023909 seconds
Number of updated asset objects reloaded before import = 0
Number of asset objects unloaded after import = 4
========================================================================
Received Import Request.
  Time since last request: 1.166649 seconds.
  path: Assets/Idyllic Rome/Materials/Terrain/LayerGravel 1.terrainlayer
  artifactKey: Guid(b5d1409f8dd6eeb4b8acf65e2f242d92) Importer(815301076,1909f56bfc062723c751e8b465ee728b)
Start importing Assets/Idyllic Rome/Materials/Terrain/LayerGravel 1.terrainlayer using Guid(b5d1409f8dd6eeb4b8acf65e2f242d92) Importer(815301076,1909f56bfc062723c751e8b465ee728b)  -> (artifact id: '8da9f20dc8870934fb263f304194cc35') in 0.036119 seconds
Number of updated asset objects reloaded before import = 0
Number of asset objects unloaded after import = 4
========================================================================
Received Import Request.
  Time since last request: 0.552309 seconds.
  path: Assets/Idyllic Rome/Materials/Terrain/LayerTiles.terrainlayer
  artifactKey: Guid(45ede764c2297f44fb546cb42d319520) Importer(815301076,1909f56bfc062723c751e8b465ee728b)
Start importing Assets/Idyllic Rome/Materials/Terrain/LayerTiles.terrainlayer using Guid(45ede764c2297f44fb546cb42d319520) Importer(815301076,1909f56bfc062723c751e8b465ee728b)  -> (artifact id: 'f7ff5ae7c3221ffbe10e506db8a96441') in 0.021022 seconds
Number of updated asset objects reloaded before import = 0
Number of asset objects unloaded after import = 4
========================================================================
Received Import Request.
  Time since last request: 0.000018 seconds.
  path: Assets/Idyllic Rome/Materials/Textures/M_tiles_floor_Normal.png
  artifactKey: Guid(78ce3c61721371b4b9f6926de1e60c1d) Importer(815301076,1909f56bfc062723c751e8b465ee728b)
Start importing Assets/Idyllic Rome/Materials/Textures/M_tiles_floor_Normal.png using Guid(78ce3c61721371b4b9f6926de1e60c1d) Importer(815301076,1909f56bfc062723c751e8b465ee728b)  -> (artifact id: '9115b6d889e88c5ed30fc16fbe7fa592') in 0.019231 seconds
Number of updated asset objects reloaded before import = 0
Number of asset objects unloaded after import = 2
========================================================================
Received Import Request.
  Time since last request: 0.353621 seconds.
  path: Assets/Idyllic Rome/Materials/Terrain/Terrain Date Rome.asset
  artifactKey: Guid(1ec8c0d54c920ec4ebbaf62802544cd0) Importer(815301076,1909f56bfc062723c751e8b465ee728b)
Start importing Assets/Idyllic Rome/Materials/Terrain/Terrain Date Rome.asset using Guid(1ec8c0d54c920ec4ebbaf62802544cd0) Importer(815301076,1909f56bfc062723c751e8b465ee728b)  -> (artifact id: 'f4d360e79664ed4add9af4438aaa11f8') in 0.053945 seconds
Number of updated asset objects reloaded before import = 0
Number of asset objects unloaded after import = 12
